app/build/intermediates/manifest_merge_blame_file/debug/manifest-merger-blame-debug-report.txt
1<?xml version="1.0" encoding="utf-8"?>
2<manifest xmlns:android="http://schemas.android.com/apk/res/android"
3    package="com.honeywell.devicemanagersample"
4    android:versionCode="1"
5    android:versionName="1.0" >
6
7    <uses-sdk
8        android:minSdkVersion="15"
8-->src\main\AndroidManifest.xml
9        android:targetSdkVersion="28" />
9-->src\main\AndroidManifest.xml
10
11    <uses-permission android:name="com.honeywell.osservice.service.HoneywellOSService" />
11-->src\main\AndroidManifest.xml:5:5-89
11-->src\main\AndroidManifest.xml:5:22-87
12
13    <application
13-->src\main\AndroidManifest.xml:7:5-31:19
14        android:allowBackup="true"
14-->src\main\AndroidManifest.xml:8:9-35
15        android:appComponentFactory="android.support.v4.app.CoreComponentFactory"
15-->[com.android.support:support-compat:28.0.0] AndroidManifest.xml:22:18-91
16        android:debuggable="true"
17        android:icon="@mipmap/ic_launcher"
17-->src\main\AndroidManifest.xml:9:9-43
18        android:label="@string/app_name"
18-->src\main\AndroidManifest.xml:10:9-41
19        android:roundIcon="@mipmap/ic_launcher_round"
19-->src\main\AndroidManifest.xml:11:9-54
20        android:supportsRtl="true"
20-->src\main\AndroidManifest.xml:12:9-35
21        android:testOnly="true"
22        android:theme="@style/AppTheme" >
22-->src\main\AndroidManifest.xml:13:9-40
23        <activity
23-->src\main\AndroidManifest.xml:14:9-22:20
24            android:name="com.honeywell.devicemanagersample.DeviceActivity"
24-->src\main\AndroidManifest.xml:15:13-43
25            android:screenOrientation="nosensor" >
25-->src\main\AndroidManifest.xml:16:13-49
26            <intent-filter>
26-->src\main\AndroidManifest.xml:17:13-21:29
27                <action android:name="android.intent.action.MAIN" />
27-->src\main\AndroidManifest.xml:18:17-69
27-->src\main\AndroidManifest.xml:18:25-66
28
29                <category android:name="android.intent.category.LAUNCHER" />
29-->src\main\AndroidManifest.xml:20:17-77
29-->src\main\AndroidManifest.xml:20:27-74
30            </intent-filter>
31        </activity>
32        <activity
32-->src\main\AndroidManifest.xml:23:9-25:52
33            android:name="com.honeywell.devicemanagersample.OtherFeaturesActivity"
33-->src\main\AndroidManifest.xml:24:13-50
34            android:screenOrientation="nosensor" />
34-->src\main\AndroidManifest.xml:25:13-49
35
36        <receiver
36-->src\main\AndroidManifest.xml:27:9-30:48
37            android:name="com.honeywell.devicemanagersample.HallSensorStateChangeReceiver"
37-->src\main\AndroidManifest.xml:28:13-58
38            android:enabled="true"
38-->src\main\AndroidManifest.xml:29:13-35
39            android:exported="true" />
39-->src\main\AndroidManifest.xml:30:13-36
40    </application>
41
42</manifest>